<?xml version="1.0" encoding="UTF-8"?>
<testsuite xmlns:xsi="http://www.w3.org/2001/XMLSchema-instance" xsi:noNamespaceSchemaLocation="https://maven.apache.org/surefire/maven-surefire-plugin/xsd/surefire-test-report.xsd" name="ut.bh.plex.MyComponentUnitTest" time="0.084" tests="1" errors="0" skipped="0" failures="0">
  <properties>
    <property name="sun.desktop" value="windows"/>
    <property name="awt.toolkit" value="sun.awt.windows.WToolkit"/>
    <property name="java.specification.version" value="11"/>
    <property name="sun.cpu.isalist" value="amd64"/>
    <property name="sun.jnu.encoding" value="MS949"/>
    <property name="java.class.path" value="C:\Dev\ppmgmt\target\test-classes;C:\Dev\ppmgmt\target\classes;C:\Users\benja\.m2\repository\com\atlassian\jira\jira-api\9.1.0\jira-api-9.1.0.jar;C:\Users\benja\.m2\repository\com\atlassian\annotations\atlassian-annotations\4.0.0\atlassian-annotations-4.0.0.jar;C:\Users\benja\.m2\repository\com\google\code\findbugs\jsr305\3.0.2\jsr305-3.0.2.jar;C:\Users\benja\.m2\repository\org\checkerframework\checker-qual\2.8.1\checker-qual-2.8.1.jar;C:\Users\benja\.m2\repository\com\atlassian\ofbiz\entityengine-share\1.5.2\entityengine-share-1.5.2.jar;C:\Users\benja\.m2\repository\xerces\xercesImpl\2.12.0\xercesImpl-2.12.0.jar;C:\Users\benja\.m2\repository\xml-apis\xml-apis\1.4.01\xml-apis-1.4.01.jar;C:\Users\benja\.m2\repository\com\atlassian\ofbiz\entityengine\1.5.2\entityengine-1.5.2.jar;C:\Users\benja\.m2\repository\jta\jta\1.0.1\jta-1.0.1.jar;C:\Users\benja\.m2\repository\com\atlassian\collectors\atlassian-collectors-util\1.1\atlassian-collectors-util-1.1.jar;C:\Users\benja\.m2\repository\opensymphony\webwork\1.4-atlassian-30\webwork-1.4-atlassian-30.jar;C:\Users\benja\.m2\repository\com\atlassian\html\atlassian-html-encoder\1.4\atlassian-html-encoder-1.4.jar;C:\Users\benja\.m2\repository\webwork\pell-multipart-request\1.31.0\pell-multipart-request-1.31.0.jar;C:\Users\benja\.m2\repository\com\atlassian\core\atlassian-core\8.0.0\atlassian-core-8.0.0.jar;C:\Users\benja\.m2\repository\commons-collections\commons-collections\3.2.2\commons-collections-3.2.2.jar;C:\Users\benja\.m2\repository\com\atlassian\image\atlassian-image-consumer\1.0.1\atlassian-image-consumer-1.0.1.jar;C:\Users\benja\.m2\repository\com\atlassian\core\atlassian-core-user\8.0.0\atlassian-core-user-8.0.0.jar;C:\Users\benja\.m2\repository\com\atlassian\core\atlassian-core-thumbnail\8.0.0\atlassian-core-thumbnail-8.0.0.jar;C:\Users\benja\.m2\repository\com\atlassian\extras\atlassian-extras\3.4.6\atlassian-extras-3.4.6.jar;C:\Users\benja\.m2\repository\commons-codec\commons-codec\1.11\commons-codec-1.11.jar;C:\Users\benja\.m2\repository\com\atlassian\extras\atlassian-extras-key-manager\3.4.6\atlassian-extras-key-manager-3.4.6.jar;C:\Users\benja\.m2\repository\com\atlassian\extras\atlassian-extras-common\3.4.6\atlassian-extras-common-3.4.6.jar;C:\Users\benja\.m2\repository\com\atlassian\extras\atlassian-extras-api\3.4.6\atlassian-extras-api-3.4.6.jar;C:\Users\benja\.m2\repository\com\atlassian\velocity\atlassian-velocity\1.3\atlassian-velocity-1.3.jar;C:\Users\benja\.m2\repository\commons-lang\commons-lang\2.6\commons-lang-2.6.jar;C:\Users\benja\.m2\repository\opensymphony\oscore\2.2.7\oscore-2.2.7.jar;C:\Users\benja\.m2\repository\org\apache\velocity\velocity\1.6.4\velocity-1.6.4.jar;C:\Users\benja\.m2\repository\osworkflow\osworkflow\2.9.0-atlassian-1\osworkflow-2.9.0-atlassian-1.jar;C:\Users\benja\.m2\repository\opensymphony\propertyset\1.5\propertyset-1.5.jar;C:\Users\benja\.m2\repository\com\atlassian\cache\atlassian-cache-api\6.0.1\atlassian-cache-api-6.0.1.jar;C:\Users\benja\.m2\repository\com\atlassian\instrumentation\atlassian-instrumentation-core\3.0.0\atlassian-instrumentation-core-3.0.0.jar;C:\Users\benja\.m2\repository\io\atlassian\util\concurrent\atlassian-util-concurrent\4.0.1\atlassian-util-concurrent-4.0.1.jar;C:\Users\benja\.m2\repository\com\atlassian\beehive\beehive-api\5.0.1\beehive-api-5.0.1.jar;C:\Users\benja\.m2\repository\com\atlassian\tenancy\atlassian-tenancy-api\4.0.0\atlassian-tenancy-api-4.0.0.jar;C:\Users\benja\.m2\repository\com\atlassian\event\atlassian-event\4.0.0\atlassian-event-4.0.0.jar;C:\Users\benja\.m2\repository\com\atlassian\upgrade\upgrade-task-framework-api\2.0.2\upgrade-task-framework-api-2.0.2.jar;C:\Users\benja\.m2\repository\com\atlassian\crowd\embedded-crowd-api\5.0.0-m02\embedded-crowd-api-5.0.0-m02.jar;C:\Users\benja\.m2\repository\com\google\guava\guava\31.0.1-jre\guava-31.0.1-jre.jar;C:\Users\benja\.m2\repository\com\google\guava\failureaccess\1.0.1\failureaccess-1.0.1.jar;C:\Users\benja\.m2\repository\com\google\guava\listenablefuture\9999.0-empty-to-avoid-conflict-with-guava\listenablefuture-9999.0-empty-to-avoid-conflict-with-guava.jar;C:\Users\benja\.m2\repository\com\google\errorprone\error_prone_annotations\2.7.1\error_prone_annotations-2.7.1.jar;C:\Users\benja\.m2\repository\com\google\j2objc\j2objc-annotations\1.3\j2objc-annotations-1.3.jar;C:\Users\benja\.m2\repository\com\atlassian\fugue\fugue\2.7.0\fugue-2.7.0.jar;C:\Users\benja\.m2\repository\io\atlassian\fugue\fugue\5.0.0\fugue-5.0.0.jar;C:\Users\benja\.m2\repository\org\codehaus\jackson\jackson-core-asl\1.9.13-atlassian-6\jackson-core-asl-1.9.13-atlassian-6.jar;C:\Users\benja\.m2\repository\org\codehaus\jackson\jackson-mapper-asl\1.9.13-atlassian-6\jackson-mapper-asl-1.9.13-atlassian-6.jar;C:\Users\benja\.m2\repository\com\sun\mail\jakarta.mail\1.6.5-atlassian-2\jakarta.mail-1.6.5-atlassian-2.jar;C:\Users\benja\.m2\repository\com\sun\activation\jakarta.activation\1.2.1\jakarta.activation-1.2.1.jar;C:\Users\benja\.m2\repository\com\atlassian\mail\atlassian-mail\5.1.2\atlassian-mail-5.1.2.jar;C:\Users\benja\.m2\repository\commons-beanutils\commons-beanutils\1.9.4\commons-beanutils-1.9.4.jar;C:\Users\benja\.m2\repository\commons-digester\commons-digester\1.8.1\commons-digester-1.8.1.jar;C:\Users\benja\.m2\repository\oro\oro\2.0.7\oro-2.0.7.jar;C:\Users\benja\.m2\repository\com\atlassian\applinks\applinks-api\9.0.5\applinks-api-9.0.5.jar;C:\Users\benja\.m2\repository\com\google\javascript\closure-compiler-unshaded\v20181008\closure-compiler-unshaded-v20181008.jar;C:\Users\benja\.m2\repository\com\google\javascript\closure-compiler-externs\v20181008\closure-compiler-externs-v20181008.jar;C:\Users\benja\.m2\repository\args4j\args4j\2.0.26\args4j-2.0.26.jar;C:\Users\benja\.m2\repository\com\google\jsinterop\jsinterop-annotations\1.0.0\jsinterop-annotations-1.0.0.jar;C:\Users\benja\.m2\repository\com\google\protobuf\protobuf-java\3.4.0\protobuf-java-3.4.0.jar;C:\Users\benja\.m2\repository\com\atlassian\velocity\htmlsafe\velocity-htmlsafe\4.0.0\velocity-htmlsafe-4.0.0.jar;C:\Users\benja\.m2\repository\com\atlassian\plugins\atlassian-plugins-api\7.0.4\atlassian-plugins-api-7.0.4.jar;C:\Users\benja\.m2\repository\com\atlassian\plugins\atlassian-plugins-webfragment\6.0.0\atlassian-plugins-webfragment-6.0.0.jar;C:\Users\benja\.m2\repository\com\atlassian\plugins\atlassian-plugins-webfragment-api\6.0.0\atlassian-plugins-webfragment-api-6.0.0.jar;C:\Users\benja\.m2\repository\com\atlassian\ozymandias\atlassian-plugin-point-safety\1.0.0\atlassian-plugin-point-safety-1.0.0.jar;C:\Users\benja\.m2\repository\jfree\jfreechart\1.0.13\jfreechart-1.0.13.jar;C:\Users\benja\.m2\repository\com\atlassian\plugins\atlassian-plugins-webresource\6.0.3\atlassian-plugins-webresource-6.0.3.jar;C:\Users\benja\.m2\repository\com\atlassian\plugins\atlassian-plugins-webresource-api\6.0.3\atlassian-plugins-webresource-api-6.0.3.jar;C:\Users\benja\.m2\repository\com\atlassian\plugins\atlassian-plugins-webresource-spi\6.0.3\atlassian-plugins-webresource-spi-6.0.3.jar;C:\Users\benja\.m2\repository\com\atlassian\sourcemap\sourcemap\2.0.0\sourcemap-2.0.0.jar;C:\Users\benja\.m2\repository\org\jgrapht\jgrapht-core\1.4.0\jgrapht-core-1.4.0.jar;C:\Users\benja\.m2\repository\org\jheaps\jheaps\0.11\jheaps-0.11.jar;C:\Users\benja\.m2\repository\org\jgrapht\jgrapht-io\1.4.0\jgrapht-io-1.4.0.jar;C:\Users\benja\.m2\repository\org\antlr\antlr4-runtime\4.7.2\antlr4-runtime-4.7.2.jar;C:\Users\benja\.m2\repository\org\apache\commons\commons-text\1.6\commons-text-1.6.jar;C:\Users\benja\.m2\repository\org\tuckey\urlrewritefilter\4.0.4\urlrewritefilter-4.0.4.jar;C:\Users\benja\.m2\repository\com\atlassian\plugins\atlassian-plugins-webresource-compiler-gcc\6.0.3\atlassian-plugins-webresource-compiler-gcc-6.0.3.jar;C:\Users\benja\.m2\repository\jfree\jcommon\1.0.8\jcommon-1.0.8.jar;C:\Users\benja\.m2\repository\com\atlassian\gadgets\atlassian-gadgets-api\8.0.4\atlassian-gadgets-api-8.0.4.jar;C:\Users\benja\.m2\repository\com\atlassian\johnson\atlassian-johnson-core\4.0.0\atlassian-johnson-core-4.0.0.jar;C:\Users\benja\.m2\repository\com\atlassian\plugins\atlassian-plugins-servlet\5.0.0\atlassian-plugins-servlet-5.0.0.jar;C:\Users\benja\.m2\repository\joda-time\joda-time\2.10.5\joda-time-2.10.5.jar;C:\Users\benja\.m2\repository\org\apache\commons\commons-lang3\3.9\commons-lang3-3.9.jar;C:\Users\benja\.m2\repository\commons-io\commons-io\2.8.0\commons-io-2.8.0.jar;C:\Users\benja\.m2\repository\commons-httpclient\commons-httpclient\3.1-atlassian-2\commons-httpclient-3.1-atlassian-2.jar;C:\Users\benja\.m2\repository\log4j\log4j\1.2.17-atlassian-16\log4j-1.2.17-atlassian-16.jar;C:\Users\benja\.m2\repository\com\atlassian\profiling\atlassian-profiling\4.8.0\atlassian-profiling-4.8.0.jar;C:\Users\benja\.m2\repository\com\atlassian\scheduler\atlassian-scheduler-api\4.0.0\atlassian-scheduler-api-4.0.0.jar;C:\Users\benja\.m2\repository\com\atlassian\analytics\analytics-api\8.0.1\analytics-api-8.0.1.jar;C:\Users\benja\.m2\repository\com\atlassian\application\atlassian-application-api\2.0.0\atlassian-application-api-2.0.0.jar;C:\Users\benja\.m2\repository\javax\validation\validation-api\2.0.1.Final\validation-api-2.0.1.Final.jar;C:\Users\benja\.m2\repository\com\atlassian\lucene-extras\7.3.1-atlassian-4\lucene-extras-7.3.1-atlassian-4.jar;C:\Users\benja\.m2\repository\org\dom4j\dom4j\2.1.3\dom4j-2.1.3.jar;C:\Users\benja\.m2\repository\junit\junit\4.10\junit-4.10.jar;C:\Users\benja\.m2\repository\org\hamcrest\hamcrest-core\1.1\hamcrest-core-1.1.jar;C:\Users\benja\.m2\repository\com\atlassian\plugin\atlassian-spring-scanner-annotation\2.1.7\atlassian-spring-scanner-annotation-2.1.7.jar;C:\Users\benja\.m2\repository\javax\inject\javax.inject\1\javax.inject-1.jar;C:\Users\benja\.m2\repository\com\atlassian\plugins\atlassian-plugins-osgi-testrunner\2.0.2\atlassian-plugins-osgi-testrunner-2.0.2.jar;C:\Users\benja\.m2\repository\com\atlassian\upm\upm-api\2.15\upm-api-2.15.jar;C:\Users\benja\.m2\repository\javax\ws\rs\jsr311-api\1.1.1\jsr311-api-1.1.1.jar;C:\Users\benja\.m2\repository\com\google\code\gson\gson\2.2.2-atlassian-1\gson-2.2.2-atlassian-1.jar;C:\Users\benja\.m2\repository\org\slf4j\slf4j-api\1.6.6\slf4j-api-1.6.6.jar;C:\Users\benja\.m2\repository\org\mockito\mockito-all\1.8.5\mockito-all-1.8.5.jar;C:\Users\benja\.m2\repository\javax\servlet\servlet-api\2.4\servlet-api-2.4.jar;C:\Users\benja\.m2\repository\javax\xml\bind\jaxb-api\2.3.1\jaxb-api-2.3.1.jar;C:\Users\benja\.m2\repository\javax\activation\javax.activation-api\1.2.0\javax.activation-api-1.2.0.jar;C:\Users\benja\.m2\repository\com\atlassian\plugins\rest\atlassian-rest-common\1.0.2\atlassian-rest-common-1.0.2.jar;C:\Users\benja\.m2\repository\com\sun\jersey\jersey-server\1.0.3\jersey-server-1.0.3.jar;C:\Users\benja\.m2\repository\com\sun\jersey\jersey-core\1.0.3\jersey-core-1.0.3.jar;C:\Users\benja\.m2\repository\asm\asm\3.1\asm-3.1.jar;C:\Users\benja\.m2\repository\com\sun\jersey\jersey-json\1.0.3\jersey-json-1.0.3.jar;C:\Users\benja\.m2\repository\org\codehaus\jettison\jettison\1.0.1\jettison-1.0.1.jar;C:\Users\benja\.m2\repository\org\codehaus\jackson\jackson-asl\0.9.4\jackson-asl-0.9.4.jar;C:\Users\benja\.m2\repository\commons-fileupload\commons-fileupload\1.2.1\commons-fileupload-1.2.1.jar;C:\Users\benja\.m2\repository\net\sourceforge\findbugs\jsr305\1.3.2\jsr305-1.3.2.jar;C:\Users\benja\.m2\repository\com\atlassian\sal\sal-api\2.6.0\sal-api-2.6.0.jar;C:\Users\benja\.m2\repository\org\apache\wink\wink-client\1.4\wink-client-1.4.jar;C:\Users\benja\.m2\repository\org\apache\wink\wink-common\1.4\wink-common-1.4.jar;C:\Users\benja\.m2\repository\org\apache\geronimo\specs\geronimo-jaxrs_1.1_spec\1.0\geronimo-jaxrs_1.1_spec-1.0.jar;C:\Users\benja\.m2\repository\org\apache\geronimo\specs\geronimo-annotation_1.1_spec\1.0\geronimo-annotation_1.1_spec-1.0.jar;C:\Users\benja\.m2\repository\com\sun\xml\bind\jaxb-impl\2.2.1.1\jaxb-impl-2.2.1.1.jar;C:\Users\benja\.m2\repository\javax\activation\activation\1.1\activation-1.1.jar;C:\Users\benja\.m2\repository\com\atlassian\activeobjects\activeobjects-plugin\1.1.5\activeobjects-plugin-1.1.5.jar;C:\Users\benja\.m2\repository\net\java\dev\activeobjects\activeobjects\1.1.5\activeobjects-1.1.5.jar;C:\Users\benja\.m2\repository\com\atlassian\activeobjects\activeobjects-core\1.1.5\activeobjects-core-1.1.5.jar;C:\Users\benja\.m2\repository\com\atlassian\activeobjects\activeobjects-spi\1.1.5\activeobjects-spi-1.1.5.jar;C:\Users\benja\.m2\repository\com\atlassian\activeobjects\activeobjects-dbex\1.1.5\activeobjects-dbex-1.1.5.jar;C:\Users\benja\.m2\repository\org\codehaus\woodstox\woodstox-core-asl\4.1.0\woodstox-core-asl-4.1.0.jar;C:\Users\benja\.m2\repository\org\codehaus\woodstox\stax2-api\3.1.0\stax2-api-3.1.0.jar;"/>
    <property name="java.vm.vendor" value="Oracle Corporation"/>
    <property name="sun.arch.data.model" value="64"/>
    <property name="user.variant" value=""/>
    <property name="java.vendor.url" value="https://openjdk.java.net/"/>
    <property name="user.timezone" value="Asia/Seoul"/>
    <property name="java.vm.specification.version" value="11"/>
    <property name="os.name" value="Windows 10"/>
    <property name="sun.java.launcher" value="SUN_STANDARD"/>
    <property name="user.country" value="KR"/>
    <property name="sun.boot.library.path" value="C:\Program Files\Java\jdk-11.0.17\bin"/>
    <property name="sun.java.command" value="C:\Users\benja\AppData\Local\Temp\surefire14474827174636487864\surefirebooter3988557939783557276.jar C:\Users\benja\AppData\Local\Temp\surefire14474827174636487864 2023-01-02T14-26-56_595-jvmRun1 surefire15491895514377759053tmp surefire_012907696634041790323tmp"/>
    <property name="jdk.debug" value="release"/>
    <property name="surefire.test.class.path" value="C:\Dev\ppmgmt\target\test-classes;C:\Dev\ppmgmt\target\classes;C:\Users\benja\.m2\repository\com\atlassian\jira\jira-api\9.1.0\jira-api-9.1.0.jar;C:\Users\benja\.m2\repository\com\atlassian\annotations\atlassian-annotations\4.0.0\atlassian-annotations-4.0.0.jar;C:\Users\benja\.m2\repository\com\google\code\findbugs\jsr305\3.0.2\jsr305-3.0.2.jar;C:\Users\benja\.m2\repository\org\checkerframework\checker-qual\2.8.1\checker-qual-2.8.1.jar;C:\Users\benja\.m2\repository\com\atlassian\ofbiz\entityengine-share\1.5.2\entityengine-share-1.5.2.jar;C:\Users\benja\.m2\repository\xerces\xercesImpl\2.12.0\xercesImpl-2.12.0.jar;C:\Users\benja\.m2\repository\xml-apis\xml-apis\1.4.01\xml-apis-1.4.01.jar;C:\Users\benja\.m2\repository\com\atlassian\ofbiz\entityengine\1.5.2\entityengine-1.5.2.jar;C:\Users\benja\.m2\repository\jta\jta\1.0.1\jta-1.0.1.jar;C:\Users\benja\.m2\repository\com\atlassian\collectors\atlassian-collectors-util\1.1\atlassian-collectors-util-1.1.jar;C:\Users\benja\.m2\repository\opensymphony\webwork\1.4-atlassian-30\webwork-1.4-atlassian-30.jar;C:\Users\benja\.m2\repository\com\atlassian\html\atlassian-html-encoder\1.4\atlassian-html-encoder-1.4.jar;C:\Users\benja\.m2\repository\webwork\pell-multipart-request\1.31.0\pell-multipart-request-1.31.0.jar;C:\Users\benja\.m2\repository\com\atlassian\core\atlassian-core\8.0.0\atlassian-core-8.0.0.jar;C:\Users\benja\.m2\repository\commons-collections\commons-collections\3.2.2\commons-collections-3.2.2.jar;C:\Users\benja\.m2\repository\com\atlassian\image\atlassian-image-consumer\1.0.1\atlassian-image-consumer-1.0.1.jar;C:\Users\benja\.m2\repository\com\atlassian\core\atlassian-core-user\8.0.0\atlassian-core-user-8.0.0.jar;C:\Users\benja\.m2\repository\com\atlassian\core\atlassian-core-thumbnail\8.0.0\atlassian-core-thumbnail-8.0.0.jar;C:\Users\benja\.m2\repository\com\atlassian\extras\atlassian-extras\3.4.6\atlassian-extras-3.4.6.jar;C:\Users\benja\.m2\repository\commons-codec\commons-codec\1.11\commons-codec-1.11.jar;C:\Users\benja\.m2\repository\com\atlassian\extras\atlassian-extras-key-manager\3.4.6\atlassian-extras-key-manager-3.4.6.jar;C:\Users\benja\.m2\repository\com\atlassian\extras\atlassian-extras-common\3.4.6\atlassian-extras-common-3.4.6.jar;C:\Users\benja\.m2\repository\com\atlassian\extras\atlassian-extras-api\3.4.6\atlassian-extras-api-3.4.6.jar;C:\Users\benja\.m2\repository\com\atlassian\velocity\atlassian-velocity\1.3\atlassian-velocity-1.3.jar;C:\Users\benja\.m2\repository\commons-lang\commons-lang\2.6\commons-lang-2.6.jar;C:\Users\benja\.m2\repository\opensymphony\oscore\2.2.7\oscore-2.2.7.jar;C:\Users\benja\.m2\repository\org\apache\velocity\velocity\1.6.4\velocity-1.6.4.jar;C:\Users\benja\.m2\repository\osworkflow\osworkflow\2.9.0-atlassian-1\osworkflow-2.9.0-atlassian-1.jar;C:\Users\benja\.m2\repository\opensymphony\propertyset\1.5\propertyset-1.5.jar;C:\Users\benja\.m2\repository\com\atlassian\cache\atlassian-cache-api\6.0.1\atlassian-cache-api-6.0.1.jar;C:\Users\benja\.m2\repository\com\atlassian\instrumentation\atlassian-instrumentation-core\3.0.0\atlassian-instrumentation-core-3.0.0.jar;C:\Users\benja\.m2\repository\io\atlassian\util\concurrent\atlassian-util-concurrent\4.0.1\atlassian-util-concurrent-4.0.1.jar;C:\Users\benja\.m2\repository\com\atlassian\beehive\beehive-api\5.0.1\beehive-api-5.0.1.jar;C:\Users\benja\.m2\repository\com\atlassian\tenancy\atlassian-tenancy-api\4.0.0\atlassian-tenancy-api-4.0.0.jar;C:\Users\benja\.m2\repository\com\atlassian\event\atlassian-event\4.0.0\atlassian-event-4.0.0.jar;C:\Users\benja\.m2\repository\com\atlassian\upgrade\upgrade-task-framework-api\2.0.2\upgrade-task-framework-api-2.0.2.jar;C:\Users\benja\.m2\repository\com\atlassian\crowd\embedded-crowd-api\5.0.0-m02\embedded-crowd-api-5.0.0-m02.jar;C:\Users\benja\.m2\repository\com\google\guava\guava\31.0.1-jre\guava-31.0.1-jre.jar;C:\Users\benja\.m2\repository\com\google\guava\failureaccess\1.0.1\failureaccess-1.0.1.jar;C:\Users\benja\.m2\repository\com\google\guava\listenablefuture\9999.0-empty-to-avoid-conflict-with-guava\listenablefuture-9999.0-empty-to-avoid-conflict-with-guava.jar;C:\Users\benja\.m2\repository\com\google\errorprone\error_prone_annotations\2.7.1\error_prone_annotations-2.7.1.jar;C:\Users\benja\.m2\repository\com\google\j2objc\j2objc-annotations\1.3\j2objc-annotations-1.3.jar;C:\Users\benja\.m2\repository\com\atlassian\fugue\fugue\2.7.0\fugue-2.7.0.jar;C:\Users\benja\.m2\repository\io\atlassian\fugue\fugue\5.0.0\fugue-5.0.0.jar;C:\Users\benja\.m2\repository\org\codehaus\jackson\jackson-core-asl\1.9.13-atlassian-6\jackson-core-asl-1.9.13-atlassian-6.jar;C:\Users\benja\.m2\repository\org\codehaus\jackson\jackson-mapper-asl\1.9.13-atlassian-6\jackson-mapper-asl-1.9.13-atlassian-6.jar;C:\Users\benja\.m2\repository\com\sun\mail\jakarta.mail\1.6.5-atlassian-2\jakarta.mail-1.6.5-atlassian-2.jar;C:\Users\benja\.m2\repository\com\sun\activation\jakarta.activation\1.2.1\jakarta.activation-1.2.1.jar;C:\Users\benja\.m2\repository\com\atlassian\mail\atlassian-mail\5.1.2\atlassian-mail-5.1.2.jar;C:\Users\benja\.m2\repository\commons-beanutils\commons-beanutils\1.9.4\commons-beanutils-1.9.4.jar;C:\Users\benja\.m2\repository\commons-digester\commons-digester\1.8.1\commons-digester-1.8.1.jar;C:\Users\benja\.m2\repository\oro\oro\2.0.7\oro-2.0.7.jar;C:\Users\benja\.m2\repository\com\atlassian\applinks\applinks-api\9.0.5\applinks-api-9.0.5.jar;C:\Users\benja\.m2\repository\com\google\javascript\closure-compiler-unshaded\v20181008\closure-compiler-unshaded-v20181008.jar;C:\Users\benja\.m2\repository\com\google\javascript\closure-compiler-externs\v20181008\closure-compiler-externs-v20181008.jar;C:\Users\benja\.m2\repository\args4j\args4j\2.0.26\args4j-2.0.26.jar;C:\Users\benja\.m2\repository\com\google\jsinterop\jsinterop-annotations\1.0.0\jsinterop-annotations-1.0.0.jar;C:\Users\benja\.m2\repository\com\google\protobuf\protobuf-java\3.4.0\protobuf-java-3.4.0.jar;C:\Users\benja\.m2\repository\com\atlassian\velocity\htmlsafe\velocity-htmlsafe\4.0.0\velocity-htmlsafe-4.0.0.jar;C:\Users\benja\.m2\repository\com\atlassian\plugins\atlassian-plugins-api\7.0.4\atlassian-plugins-api-7.0.4.jar;C:\Users\benja\.m2\repository\com\atlassian\plugins\atlassian-plugins-webfragment\6.0.0\atlassian-plugins-webfragment-6.0.0.jar;C:\Users\benja\.m2\repository\com\atlassian\plugins\atlassian-plugins-webfragment-api\6.0.0\atlassian-plugins-webfragment-api-6.0.0.jar;C:\Users\benja\.m2\repository\com\atlassian\ozymandias\atlassian-plugin-point-safety\1.0.0\atlassian-plugin-point-safety-1.0.0.jar;C:\Users\benja\.m2\repository\jfree\jfreechart\1.0.13\jfreechart-1.0.13.jar;C:\Users\benja\.m2\repository\com\atlassian\plugins\atlassian-plugins-webresource\6.0.3\atlassian-plugins-webresource-6.0.3.jar;C:\Users\benja\.m2\repository\com\atlassian\plugins\atlassian-plugins-webresource-api\6.0.3\atlassian-plugins-webresource-api-6.0.3.jar;C:\Users\benja\.m2\repository\com\atlassian\plugins\atlassian-plugins-webresource-spi\6.0.3\atlassian-plugins-webresource-spi-6.0.3.jar;C:\Users\benja\.m2\repository\com\atlassian\sourcemap\sourcemap\2.0.0\sourcemap-2.0.0.jar;C:\Users\benja\.m2\repository\org\jgrapht\jgrapht-core\1.4.0\jgrapht-core-1.4.0.jar;C:\Users\benja\.m2\repository\org\jheaps\jheaps\0.11\jheaps-0.11.jar;C:\Users\benja\.m2\repository\org\jgrapht\jgrapht-io\1.4.0\jgrapht-io-1.4.0.jar;C:\Users\benja\.m2\repository\org\antlr\antlr4-runtime\4.7.2\antlr4-runtime-4.7.2.jar;C:\Users\benja\.m2\repository\org\apache\commons\commons-text\1.6\commons-text-1.6.jar;C:\Users\benja\.m2\repository\org\tuckey\urlrewritefilter\4.0.4\urlrewritefilter-4.0.4.jar;C:\Users\benja\.m2\repository\com\atlassian\plugins\atlassian-plugins-webresource-compiler-gcc\6.0.3\atlassian-plugins-webresource-compiler-gcc-6.0.3.jar;C:\Users\benja\.m2\repository\jfree\jcommon\1.0.8\jcommon-1.0.8.jar;C:\Users\benja\.m2\repository\com\atlassian\gadgets\atlassian-gadgets-api\8.0.4\atlassian-gadgets-api-8.0.4.jar;C:\Users\benja\.m2\repository\com\atlassian\johnson\atlassian-johnson-core\4.0.0\atlassian-johnson-core-4.0.0.jar;C:\Users\benja\.m2\repository\com\atlassian\plugins\atlassian-plugins-servlet\5.0.0\atlassian-plugins-servlet-5.0.0.jar;C:\Users\benja\.m2\repository\joda-time\joda-time\2.10.5\joda-time-2.10.5.jar;C:\Users\benja\.m2\repository\org\apache\commons\commons-lang3\3.9\commons-lang3-3.9.jar;C:\Users\benja\.m2\repository\commons-io\commons-io\2.8.0\commons-io-2.8.0.jar;C:\Users\benja\.m2\repository\commons-httpclient\commons-httpclient\3.1-atlassian-2\commons-httpclient-3.1-atlassian-2.jar;C:\Users\benja\.m2\repository\log4j\log4j\1.2.17-atlassian-16\log4j-1.2.17-atlassian-16.jar;C:\Users\benja\.m2\repository\com\atlassian\profiling\atlassian-profiling\4.8.0\atlassian-profiling-4.8.0.jar;C:\Users\benja\.m2\repository\com\atlassian\scheduler\atlassian-scheduler-api\4.0.0\atlassian-scheduler-api-4.0.0.jar;C:\Users\benja\.m2\repository\com\atlassian\analytics\analytics-api\8.0.1\analytics-api-8.0.1.jar;C:\Users\benja\.m2\repository\com\atlassian\application\atlassian-application-api\2.0.0\atlassian-application-api-2.0.0.jar;C:\Users\benja\.m2\repository\javax\validation\validation-api\2.0.1.Final\validation-api-2.0.1.Final.jar;C:\Users\benja\.m2\repository\com\atlassian\lucene-extras\7.3.1-atlassian-4\lucene-extras-7.3.1-atlassian-4.jar;C:\Users\benja\.m2\repository\org\dom4j\dom4j\2.1.3\dom4j-2.1.3.jar;C:\Users\benja\.m2\repository\junit\junit\4.10\junit-4.10.jar;C:\Users\benja\.m2\repository\org\hamcrest\hamcrest-core\1.1\hamcrest-core-1.1.jar;C:\Users\benja\.m2\repository\com\atlassian\plugin\atlassian-spring-scanner-annotation\2.1.7\atlassian-spring-scanner-annotation-2.1.7.jar;C:\Users\benja\.m2\repository\javax\inject\javax.inject\1\javax.inject-1.jar;C:\Users\benja\.m2\repository\com\atlassian\plugins\atlassian-plugins-osgi-testrunner\2.0.2\atlassian-plugins-osgi-testrunner-2.0.2.jar;C:\Users\benja\.m2\repository\com\atlassian\upm\upm-api\2.15\upm-api-2.15.jar;C:\Users\benja\.m2\repository\javax\ws\rs\jsr311-api\1.1.1\jsr311-api-1.1.1.jar;C:\Users\benja\.m2\repository\com\google\code\gson\gson\2.2.2-atlassian-1\gson-2.2.2-atlassian-1.jar;C:\Users\benja\.m2\repository\org\slf4j\slf4j-api\1.6.6\slf4j-api-1.6.6.jar;C:\Users\benja\.m2\repository\org\mockito\mockito-all\1.8.5\mockito-all-1.8.5.jar;C:\Users\benja\.m2\repository\javax\servlet\servlet-api\2.4\servlet-api-2.4.jar;C:\Users\benja\.m2\repository\javax\xml\bind\jaxb-api\2.3.1\jaxb-api-2.3.1.jar;C:\Users\benja\.m2\repository\javax\activation\javax.activation-api\1.2.0\javax.activation-api-1.2.0.jar;C:\Users\benja\.m2\repository\com\atlassian\plugins\rest\atlassian-rest-common\1.0.2\atlassian-rest-common-1.0.2.jar;C:\Users\benja\.m2\repository\com\sun\jersey\jersey-server\1.0.3\jersey-server-1.0.3.jar;C:\Users\benja\.m2\repository\com\sun\jersey\jersey-core\1.0.3\jersey-core-1.0.3.jar;C:\Users\benja\.m2\repository\asm\asm\3.1\asm-3.1.jar;C:\Users\benja\.m2\repository\com\sun\jersey\jersey-json\1.0.3\jersey-json-1.0.3.jar;C:\Users\benja\.m2\repository\org\codehaus\jettison\jettison\1.0.1\jettison-1.0.1.jar;C:\Users\benja\.m2\repository\org\codehaus\jackson\jackson-asl\0.9.4\jackson-asl-0.9.4.jar;C:\Users\benja\.m2\repository\commons-fileupload\commons-fileupload\1.2.1\commons-fileupload-1.2.1.jar;C:\Users\benja\.m2\repository\net\sourceforge\findbugs\jsr305\1.3.2\jsr305-1.3.2.jar;C:\Users\benja\.m2\repository\com\atlassian\sal\sal-api\2.6.0\sal-api-2.6.0.jar;C:\Users\benja\.m2\repository\org\apache\wink\wink-client\1.4\wink-client-1.4.jar;C:\Users\benja\.m2\repository\org\apache\wink\wink-common\1.4\wink-common-1.4.jar;C:\Users\benja\.m2\repository\org\apache\geronimo\specs\geronimo-jaxrs_1.1_spec\1.0\geronimo-jaxrs_1.1_spec-1.0.jar;C:\Users\benja\.m2\repository\org\apache\geronimo\specs\geronimo-annotation_1.1_spec\1.0\geronimo-annotation_1.1_spec-1.0.jar;C:\Users\benja\.m2\repository\com\sun\xml\bind\jaxb-impl\2.2.1.1\jaxb-impl-2.2.1.1.jar;C:\Users\benja\.m2\repository\javax\activation\activation\1.1\activation-1.1.jar;C:\Users\benja\.m2\repository\com\atlassian\activeobjects\activeobjects-plugin\1.1.5\activeobjects-plugin-1.1.5.jar;C:\Users\benja\.m2\repository\net\java\dev\activeobjects\activeobjects\1.1.5\activeobjects-1.1.5.jar;C:\Users\benja\.m2\repository\com\atlassian\activeobjects\activeobjects-core\1.1.5\activeobjects-core-1.1.5.jar;C:\Users\benja\.m2\repository\com\atlassian\activeobjects\activeobjects-spi\1.1.5\activeobjects-spi-1.1.5.jar;C:\Users\benja\.m2\repository\com\atlassian\activeobjects\activeobjects-dbex\1.1.5\activeobjects-dbex-1.1.5.jar;C:\Users\benja\.m2\repository\org\codehaus\woodstox\woodstox-core-asl\4.1.0\woodstox-core-asl-4.1.0.jar;C:\Users\benja\.m2\repository\org\codehaus\woodstox\stax2-api\3.1.0\stax2-api-3.1.0.jar;"/>
    <property name="sun.cpu.endian" value="little"/>
    <property name="user.home" value="C:\Users\benja"/>
    <property name="user.language" value="ko"/>
    <property name="java.specification.vendor" value="Oracle Corporation"/>
    <property name="java.version.date" value="2022-10-18"/>
    <property name="java.home" value="C:\Program Files\Java\jdk-11.0.17"/>
    <property name="file.separator" value="\"/>
    <property name="basedir" value="C:\Dev\ppmgmt"/>
    <property name="java.vm.compressedOopsMode" value="Zero based"/>
    <property name="line.separator" value="&#10;"/>
    <property name="java.specification.name" value="Java Platform API Specification"/>
    <property name="java.vm.specification.vendor" value="Oracle Corporation"/>
    <property name="java.awt.graphicsenv" value="sun.awt.Win32GraphicsEnvironment"/>
    <property name="surefire.real.class.path" value="C:\Users\benja\AppData\Local\Temp\surefire14474827174636487864\surefirebooter3988557939783557276.jar"/>
    <property name="user.script" value=""/>
    <property name="sun.management.compiler" value="HotSpot 64-Bit Tiered Compilers"/>
    <property name="java.runtime.version" value="11.0.17+10-LTS-269"/>
    <property name="user.name" value="benja"/>
    <property name="path.separator" value=";"/>
    <property name="os.version" value="10.0"/>
    <property name="java.runtime.name" value="Java(TM) SE Runtime Environment"/>
    <property name="file.encoding" value="MS949"/>
    <property name="java.vm.name" value="Java HotSpot(TM) 64-Bit Server VM"/>
    <property name="java.vendor.version" value="18.9"/>
    <property name="localRepository" value="C:\Users\benja\.m2\repository"/>
    <property name="java.vendor.url.bug" value="https://bugreport.java.com/bugreport/"/>
    <property name="java.io.tmpdir" value="C:\Users\benja\AppData\Local\Temp\"/>
    <property name="java.version" value="11.0.17"/>
    <property name="user.dir" value="C:\Dev\ppmgmt"/>
    <property name="os.arch" value="amd64"/>
    <property name="java.vm.specification.name" value="Java Virtual Machine Specification"/>
    <property name="java.awt.printerjob" value="sun.awt.windows.WPrinterJob"/>
    <property name="sun.os.patch.level" value=""/>
    <property name="java.library.path" value="C:\Program Files\Java\jdk-11.0.17\bin;C:\Windows\Sun\Java\bin;C:\Windows\system32;C:\Windows;C:\Program Files\Common Files\Oracle\Java\javapath;C:\Windows\system32;C:\Windows;C:\Windows\System32\Wbem;C:\Windows\System32\WindowsPowerShell\v1.0\;C:\Windows\System32\OpenSSH\;C:\Program Files\Java\jdk-11.0.17\bin;C:\Program Files\Git\cmd;C:\Program Files\PowerShell\7\;C:\Users\benja\AppData\Local\Microsoft\WindowsApps;;C:\Users\benja\AppData\Local\Programs\Microsoft VS Code\bin;C:\Program Files\JetBrains\IntelliJ IDEA Community Edition 2022.3.1\bin;;C:\Atlassian\sdk\atlassian-plugin-sdk-8.2.7\bin;."/>
    <property name="java.vendor" value="Oracle Corporation"/>
    <property name="java.vm.info" value="mixed mode"/>
    <property name="java.vm.version" value="11.0.17+10-LTS-269"/>
    <property name="sun.io.unicode.encoding" value="UnicodeLittle"/>
    <property name="java.class.version" value="55.0"/>
  </properties>
  <testcase name="testMyName" classname="ut.bh.plex.MyComponentUnitTest" time="0.005"/>
</testsuite>